app/build/intermediates/manifest_merge_blame_file/debug/manifest-merger-blame-debug-report.txt
1<?xml version="1.0" encoding="utf-8"?>
2<manifest xmlns:android="http://schemas.android.com/apk/res/android"
3    package="org.dieschnittstelle.mobile.android.dataaccess"
4    android:versionCode="1"
5    android:versionName="1.0" >
6
7    <uses-sdk
8        android:minSdkVersion="21"
8-->src\main\AndroidManifest.xml
9        android:targetSdkVersion="27" />
9-->src\main\AndroidManifest.xml
10
11    <!-- this permission is required to create an outgoing http connection to the webapp -->
12    <uses-permission android:name="android.permission.INTERNET" />
12-->src\main\AndroidManifest.xml:8:5-67
12-->src\main\AndroidManifest.xml:8:22-64
13
14    <!-- our own permissions that we export -->
15    <permission
15-->src\main\AndroidManifest.xml:11:5-13:44
16        android:name="org.dieschnittstelle.mobile.android.permission.READ_DATAITEMS"
16-->src\main\AndroidManifest.xml:12:9-85
17        android:protectionLevel="normal" />
17-->src\main\AndroidManifest.xml:13:9-41
18    <permission
18-->src\main\AndroidManifest.xml:14:5-16:47
19        android:name="org.dieschnittstelle.mobile.android.permission.WRITE_DATAITEMS"
19-->src\main\AndroidManifest.xml:15:9-86
20        android:protectionLevel="dangerous" />
20-->src\main\AndroidManifest.xml:16:9-44
21
22    <!-- Although the *SdkVersion is captured in gradle build files, this is required for non gradle builds -->
23    <!-- <uses-sdk android:minSdkVersion="14" /> -->
24    <uses-permission android:name="android.permission.ACCESS_NETWORK_STATE" />
24-->[com.google.firebase:firebase-firestore:18.0.1] AndroidManifest.xml:13:5-79
24-->[com.google.firebase:firebase-firestore:18.0.1] AndroidManifest.xml:13:22-76
25    <uses-permission android:name="android.permission.WAKE_LOCK" />
25-->[com.google.firebase:firebase-measurement-connector-impl:17.0.5] AndroidManifest.xml:24:5-68
25-->[com.google.firebase:firebase-measurement-connector-impl:17.0.5] AndroidManifest.xml:24:22-65
26    <uses-permission android:name="com.google.android.finsky.permission.BIND_GET_INSTALL_REFERRER_SERVICE" /> <!-- Required by older versions of Google Play services to create IID tokens -->
26-->[com.google.firebase:firebase-analytics:16.3.0] AndroidManifest.xml:26:5-110
26-->[com.google.firebase:firebase-analytics:16.3.0] AndroidManifest.xml:26:22-107
27    <uses-permission android:name="com.google.android.c2dm.permission.RECEIVE" />
27-->[com.google.firebase:firebase-iid:17.0.3] AndroidManifest.xml:26:5-82
27-->[com.google.firebase:firebase-iid:17.0.3] AndroidManifest.xml:26:22-79
28
29    <application
29-->src\main\AndroidManifest.xml:18:5-47:19
30        android:name="org.dieschnittstelle.mobile.android.dataaccess.DataAccessApplication"
30-->src\main\AndroidManifest.xml:19:9-46
31        android:allowBackup="true"
31-->src\main\AndroidManifest.xml:20:9-35
32        android:debuggable="true"
33        android:icon="@drawable/ic_launcher"
33-->src\main\AndroidManifest.xml:21:9-45
34        android:label="@string/app_name"
34-->src\main\AndroidManifest.xml:22:9-41
35        android:testOnly="true"
36        android:theme="@style/AppTheme" >
36-->src\main\AndroidManifest.xml:23:9-40
37        <activity
37-->src\main\AndroidManifest.xml:24:9-32:20
38            android:name="org.dieschnittstelle.mobile.android.dataaccess.DataAccessActivity"
38-->src\main\AndroidManifest.xml:25:13-47
39            android:label="@string/app_name" >
39-->src\main\AndroidManifest.xml:26:13-45
40            <intent-filter>
40-->src\main\AndroidManifest.xml:27:13-31:29
41                <action android:name="android.intent.action.MAIN" />
41-->src\main\AndroidManifest.xml:28:17-69
41-->src\main\AndroidManifest.xml:28:25-66
42
43                <category android:name="android.intent.category.LAUNCHER" />
43-->src\main\AndroidManifest.xml:30:17-77
43-->src\main\AndroidManifest.xml:30:27-74
44            </intent-filter>
45        </activity>
46        <activity android:name="org.dieschnittstelle.mobile.android.dataaccess.DataItemOverviewActivity" />
46-->src\main\AndroidManifest.xml:33:9-62
46-->src\main\AndroidManifest.xml:33:19-59
47        <activity android:name="org.dieschnittstelle.mobile.android.dataaccess.DataItemOverviewActivityWithCursorAdapter" />
47-->src\main\AndroidManifest.xml:34:9-79
47-->src\main\AndroidManifest.xml:34:19-76
48        <activity android:name="org.dieschnittstelle.mobile.android.dataaccess.DataItemOverviewActivityWithDataItemCursorAdapter" />
48-->src\main\AndroidManifest.xml:35:9-87
48-->src\main\AndroidManifest.xml:35:19-84
49        <activity android:name="org.dieschnittstelle.mobile.android.dataaccess.DataItemDetailsViewActivity" />
49-->src\main\AndroidManifest.xml:36:9-65
49-->src\main\AndroidManifest.xml:36:19-62
50
51        <!-- declare a content provider -->
52        <provider
52-->src\main\AndroidManifest.xml:39:9-46:20
53            android:name="org.dieschnittstelle.mobile.android.dataaccess.model.contentprovider.DataItemContentProvider"
53-->src\main\AndroidManifest.xml:40:13-120
54            android:authorities="org.dieschnittstelle.mobile.android.dataaccess"
54-->src\main\AndroidManifest.xml:41:13-81
55            android:enabled="true"
55-->src\main\AndroidManifest.xml:42:13-35
56            android:exported="true"
56-->src\main\AndroidManifest.xml:43:13-36
57            android:readPermission="org.dieschnittstelle.mobile.android.permission.READ_DATAITEMS"
57-->src\main\AndroidManifest.xml:44:13-99
58            android:writePermission="org.dieschnittstelle.mobile.android.permission.WRITE_DATAITEMS" >
58-->src\main\AndroidManifest.xml:45:13-101
59        </provider>
60
61        <activity
61-->[com.google.firebase:firebase-auth:16.1.0] AndroidManifest.xml:24:9-31:50
62            android:name="com.google.firebase.auth.internal.FederatedSignInActivity"
62-->[com.google.firebase:firebase-auth:16.1.0] AndroidManifest.xml:25:13-85
63            android:excludeFromRecents="true"
63-->[com.google.firebase:firebase-auth:16.1.0] AndroidManifest.xml:26:13-46
64            android:exported="true"
64-->[com.google.firebase:firebase-auth:16.1.0] AndroidManifest.xml:27:13-36
65            android:launchMode="singleTask"
65-->[com.google.firebase:firebase-auth:16.1.0] AndroidManifest.xml:28:13-44
66            android:permission="com.google.firebase.auth.api.gms.permission.LAUNCH_FEDERATED_SIGN_IN"
66-->[com.google.firebase:firebase-auth:16.1.0] AndroidManifest.xml:29:13-102
67            android:theme="@android:style/Theme.Translucent.NoTitleBar" />
67-->[com.google.firebase:firebase-auth:16.1.0] AndroidManifest.xml:30:13-72
68
69        <service
69-->[com.google.firebase:firebase-auth:16.1.0] AndroidManifest.xml:33:9-39:19
70            android:name="com.google.firebase.components.ComponentDiscoveryService"
70-->[com.google.firebase:firebase-auth:16.1.0] AndroidManifest.xml:34:13-84
71            android:exported="false" >
71-->[com.google.firebase:firebase-auth:16.1.0] AndroidManifest.xml:35:13-37
72            <meta-data
72-->[com.google.firebase:firebase-auth:16.1.0] AndroidManifest.xml:36:13-38:85
73                android:name="com.google.firebase.components:com.google.firebase.auth.FirebaseAuthRegistrar"
73-->[com.google.firebase:firebase-auth:16.1.0] AndroidManifest.xml:37:17-109
74                android:value="com.google.firebase.components.ComponentRegistrar" />
74-->[com.google.firebase:firebase-auth:16.1.0] AndroidManifest.xml:38:17-82
75            <meta-data
75-->[com.google.firebase:firebase-firestore:18.0.1] AndroidManifest.xml:18:13-20:85
76                android:name="com.google.firebase.components:com.google.firebase.firestore.FirestoreRegistrar"
76-->[com.google.firebase:firebase-firestore:18.0.1] AndroidManifest.xml:19:17-111
77                android:value="com.google.firebase.components.ComponentRegistrar" />
77-->[com.google.firebase:firebase-firestore:18.0.1] AndroidManifest.xml:20:17-82
78            <meta-data
78-->[com.google.firebase:firebase-measurement-connector-impl:17.0.5] AndroidManifest.xml:28:13-30:85
79                android:name="com.google.firebase.components:com.google.firebase.analytics.connector.internal.AnalyticsConnectorRegistrar"
79-->[com.google.firebase:firebase-measurement-connector-impl:17.0.5] AndroidManifest.xml:29:17-139
80                android:value="com.google.firebase.components.ComponentRegistrar" />
80-->[com.google.firebase:firebase-measurement-connector-impl:17.0.5] AndroidManifest.xml:30:17-82
81            <meta-data
81-->[com.google.firebase:firebase-iid:17.0.3] AndroidManifest.xml:32:13-34:85
82                android:name="com.google.firebase.components:com.google.firebase.iid.Registrar"
82-->[com.google.firebase:firebase-iid:17.0.3] AndroidManifest.xml:33:17-96
83                android:value="com.google.firebase.components.ComponentRegistrar" />
83-->[com.google.firebase:firebase-iid:17.0.3] AndroidManifest.xml:34:17-82
84        </service>
85
86        <receiver
86-->[com.google.firebase:firebase-analytics:16.3.0] AndroidManifest.xml:29:9-33:20
87            android:name="com.google.android.gms.measurement.AppMeasurementReceiver"
87-->[com.google.firebase:firebase-analytics:16.3.0] AndroidManifest.xml:30:13-85
88            android:enabled="true"
88-->[com.google.firebase:firebase-analytics:16.3.0] AndroidManifest.xml:31:13-35
89            android:exported="false" >
89-->[com.google.firebase:firebase-analytics:16.3.0] AndroidManifest.xml:32:13-37
90        </receiver>
91        <receiver
91-->[com.google.firebase:firebase-analytics:16.3.0] AndroidManifest.xml:34:9-42:20
92            android:name="com.google.android.gms.measurement.AppMeasurementInstallReferrerReceiver"
92-->[com.google.firebase:firebase-analytics:16.3.0] AndroidManifest.xml:35:13-100
93            android:enabled="true"
93-->[com.google.firebase:firebase-analytics:16.3.0] AndroidManifest.xml:36:13-35
94            android:exported="true"
94-->[com.google.firebase:firebase-analytics:16.3.0] AndroidManifest.xml:37:13-36
95            android:permission="android.permission.INSTALL_PACKAGES" >
95-->[com.google.firebase:firebase-analytics:16.3.0] AndroidManifest.xml:38:13-69
96            <intent-filter>
96-->[com.google.firebase:firebase-analytics:16.3.0] AndroidManifest.xml:39:13-41:29
97                <action android:name="com.android.vending.INSTALL_REFERRER" />
97-->[com.google.firebase:firebase-analytics:16.3.0] AndroidManifest.xml:40:17-79
97-->[com.google.firebase:firebase-analytics:16.3.0] AndroidManifest.xml:40:25-76
98            </intent-filter>
99        </receiver>
100
101        <service
101-->[com.google.firebase:firebase-analytics:16.3.0] AndroidManifest.xml:44:9-47:40
102            android:name="com.google.android.gms.measurement.AppMeasurementService"
102-->[com.google.firebase:firebase-analytics:16.3.0] AndroidManifest.xml:45:13-84
103            android:enabled="true"
103-->[com.google.firebase:firebase-analytics:16.3.0] AndroidManifest.xml:46:13-35
104            android:exported="false" />
104-->[com.google.firebase:firebase-analytics:16.3.0] AndroidManifest.xml:47:13-37
105        <service
105-->[com.google.firebase:firebase-analytics:16.3.0] AndroidManifest.xml:48:9-52:72
106            android:name="com.google.android.gms.measurement.AppMeasurementJobService"
106-->[com.google.firebase:firebase-analytics:16.3.0] AndroidManifest.xml:49:13-87
107            android:enabled="true"
107-->[com.google.firebase:firebase-analytics:16.3.0] AndroidManifest.xml:50:13-35
108            android:exported="false"
108-->[com.google.firebase:firebase-analytics:16.3.0] AndroidManifest.xml:51:13-37
109            android:permission="android.permission.BIND_JOB_SERVICE" />
109-->[com.google.firebase:firebase-analytics:16.3.0] AndroidManifest.xml:52:13-69
110
111        <receiver
111-->[com.google.firebase:firebase-iid:17.0.3] AndroidManifest.xml:37:9-44:20
112            android:name="com.google.firebase.iid.FirebaseInstanceIdReceiver"
112-->[com.google.firebase:firebase-iid:17.0.3] AndroidManifest.xml:38:13-78
113            android:exported="true"
113-->[com.google.firebase:firebase-iid:17.0.3] AndroidManifest.xml:39:13-36
114            android:permission="com.google.android.c2dm.permission.SEND" >
114-->[com.google.firebase:firebase-iid:17.0.3] AndroidManifest.xml:40:13-73
115            <intent-filter>
115-->[com.google.firebase:firebase-iid:17.0.3] AndroidManifest.xml:41:13-43:29
116                <action android:name="com.google.android.c2dm.intent.RECEIVE" />
116-->[com.google.firebase:firebase-iid:17.0.3] AndroidManifest.xml:42:17-81
116-->[com.google.firebase:firebase-iid:17.0.3] AndroidManifest.xml:42:25-78
117            </intent-filter>
118        </receiver>
119        <!--
120             FirebaseInstanceIdService performs security checks at runtime,
121             no need for explicit permissions despite exported="true"
122        -->
123        <service
123-->[com.google.firebase:firebase-iid:17.0.3] AndroidManifest.xml:50:9-56:19
124            android:name="com.google.firebase.iid.FirebaseInstanceIdService"
124-->[com.google.firebase:firebase-iid:17.0.3] AndroidManifest.xml:51:13-77
125            android:exported="true" >
125-->[com.google.firebase:firebase-iid:17.0.3] AndroidManifest.xml:52:13-36
126            <intent-filter android:priority="-500" >
126-->[com.google.firebase:firebase-iid:17.0.3] AndroidManifest.xml:53:13-55:29
126-->[com.google.firebase:firebase-iid:17.0.3] AndroidManifest.xml:53:28-51
127                <action android:name="com.google.firebase.INSTANCE_ID_EVENT" />
127-->[com.google.firebase:firebase-iid:17.0.3] AndroidManifest.xml:54:17-80
127-->[com.google.firebase:firebase-iid:17.0.3] AndroidManifest.xml:54:25-77
128            </intent-filter>
129        </service>
130
131        <activity
131-->[com.google.android.gms:play-services-base:16.0.1] AndroidManifest.xml:23:9-26:75
132            android:name="com.google.android.gms.common.api.GoogleApiActivity"
132-->[com.google.android.gms:play-services-base:16.0.1] AndroidManifest.xml:24:13-79
133            android:exported="false"
133-->[com.google.android.gms:play-services-base:16.0.1] AndroidManifest.xml:25:13-37
134            android:theme="@android:style/Theme.Translucent.NoTitleBar" />
134-->[com.google.android.gms:play-services-base:16.0.1] AndroidManifest.xml:26:13-72
135
136        <provider
136-->[com.google.firebase:firebase-common:16.0.4] AndroidManifest.xml:10:9-14:39
137            android:name="com.google.firebase.provider.FirebaseInitProvider"
137-->[com.google.firebase:firebase-common:16.0.4] AndroidManifest.xml:11:13-77
138            android:authorities="org.dieschnittstelle.mobile.android.dataaccess.firebaseinitprovider"
138-->[com.google.firebase:firebase-common:16.0.4] AndroidManifest.xml:12:13-72
139            android:exported="false"
139-->[com.google.firebase:firebase-common:16.0.4] AndroidManifest.xml:13:13-37
140            android:initOrder="100" />
140-->[com.google.firebase:firebase-common:16.0.4] AndroidManifest.xml:14:13-36
141
142        <meta-data
142-->[com.google.android.gms:play-services-basement:16.1.0] AndroidManifest.xml:23:9-25:69
143            android:name="com.google.android.gms.version"
143-->[com.google.android.gms:play-services-basement:16.1.0] AndroidManifest.xml:24:13-58
144            android:value="@integer/google_play_services_version" />
144-->[com.google.android.gms:play-services-basement:16.1.0] AndroidManifest.xml:25:13-66
145        <meta-data
145-->[android.arch.lifecycle:runtime:1.0.0] AndroidManifest.xml:25:9-27:47
146            android:name="android.arch.lifecycle.VERSION"
146-->[android.arch.lifecycle:runtime:1.0.0] AndroidManifest.xml:26:13-58
147            android:value="27.0.0-SNAPSHOT" />
147-->[android.arch.lifecycle:runtime:1.0.0] AndroidManifest.xml:27:13-44
148    </application>
149
150</manifest>